This file contains any messages produced by compilers while
running configure, to aid debugging if configure makes a mistake.

It was created by GameTime configure 1.5, which was
generated by GNU Autoconf 2.69.  Invocation command line was

  $ ./configure --no-create --no-recursion

## --------- ##
## Platform. ##
## --------- ##

hostname = Jerry
uname -m = x86_64
uname -r = 3.0.3(0.338/5/3)
uname -s = CYGWIN_NT-10.0
uname -v = 2019-03-09 19:12

/usr/bin/uname -p = unknown
/bin/uname -X     = unknown

/bin/arch              = x86_64
/usr/bin/arch -k       = unknown
/usr/convex/getsysinfo = unknown
/usr/bin/hostinfo      = unknown
/bin/machine           = unknown
/usr/bin/oslevel       = unknown
/bin/universe          = unknown

PATH: /usr/local/bin
PATH: /usr/bin
PATH: /cygdrive/c/Program Files (x86)/Phoenix SDK June 2008/bin/debug/x86
PATH: /cygdrive/c/Program Files (x86)/Microsoft Visual Studio 9.0/Common7/IDE
PATH: /cygdrive/c/Program Files (x86)/Microsoft Visual Studio 9.0/VC/BIN
PATH: /cygdrive/c/Program Files (x86)/Microsoft Visual Studio 9.0/Common7/Tools
PATH: /cygdrive/c/WINDOWS/Microsoft.NET/Framework/v3.5
PATH: /cygdrive/c/WINDOWS/Microsoft.NET/Framework/v2.0.50727
PATH: /cygdrive/c/Program Files (x86)/Microsoft Visual Studio 9.0/VC/VCPackages
PATH: /cygdrive/c/Program Files/Microsoft SDKs/Windows/v6.0A/bin
PATH: /cygdrive/c/Program Files (x86)/Common Files/Oracle/Java/javapath
PATH: /cygdrive/c/Program Files (x86)/Intel/iCLS Client
PATH: /cygdrive/c/Python27
PATH: /cygdrive/c/Python27/Scripts
PATH: /cygdrive/c/Program Files/Intel/iCLS Client
PATH: /cygdrive/c/Windows/system32
PATH: /cygdrive/c/Windows
PATH: /cygdrive/c/Windows/System32/Wbem
PATH: /cygdrive/c/Windows/System32/WindowsPowerShell/v1.0
PATH: /cygdrive/c/Program Files (x86)/NVIDIA Corporation/PhysX/Common
PATH: /cygdrive/c/Program Files/MATLAB/R2016a/runtime/win64
PATH: /cygdrive/c/Program Files/MATLAB/R2016a/bin
PATH: /cygdrive/c/Program Files/MATLAB/R2016a/polyspace/bin
PATH: /cygdrive/c/WINDOWS/system32
PATH: /cygdrive/c/WINDOWS
PATH: /cygdrive/c/WINDOWS/System32/Wbem
PATH: /cygdrive/c/WINDOWS/System32/WindowsPowerShell/v1.0
PATH: /cygdrive/c/Program Files (x86)/Intel/Intel(R) Management Engine Components/DAL
PATH: /cygdrive/c/Program Files/Intel/Intel(R) Management Engine Components/DAL
PATH: /cygdrive/c/Program Files (x86)/Intel/Intel(R) Management Engine Components/IPT
PATH: /cygdrive/c/Program Files/Intel/Intel(R) Management Engine Components/IPT
PATH: /cygdrive/c/WINDOWS/System32/OpenSSH
PATH: /cygdrive/c/Program Files/PuTTY
PATH: /cygdrive/c/Program Files/Git/cmd
PATH: /cygdrive/c/Program Files (x86)/sbt/bin
PATH: /cygdrive/c/Program Files/NVIDIA Corporation/NVIDIA NvDLISR
PATH: /cygdrive/c/Users/elect/Anaconda3
PATH: /cygdrive/c/Users/elect/Anaconda3/Library/mingw-w64/bin
PATH: /cygdrive/c/Users/elect/Anaconda3/Library/usr/bin
PATH: /cygdrive/c/Users/elect/Anaconda3/Library/bin
PATH: /cygdrive/c/Users/elect/Anaconda3/Scripts
PATH: /cygdrive/c/Users/elect/AppData/Local/Programs/Python/Python36-32/Scripts
PATH: /cygdrive/c/Users/elect/AppData/Local/Programs/Python/Python36-32
PATH: /cygdrive/c/Users/elect/AppData/Local/Microsoft/WindowsApps
PATH: /cygdrive/c/Program Files/Microsoft VS Code/bin


## ----------- ##
## Core tests. ##
## ----------- ##

configure:1872: checking for a BSD-compatible install
configure:1940: result: /usr/bin/install -c
configure:1951: checking whether build environment is sane
configure:2006: result: yes
configure:2044: WARNING: 'missing' script is too old or missing
configure:2157: checking for a thread-safe mkdir -p
configure:2196: result: /usr/bin/mkdir -p
configure:2203: checking for gawk
configure:2219: found /usr/bin/gawk
configure:2230: result: gawk
configure:2241: checking whether make sets $(MAKE)
configure:2263: result: yes
configure:2292: checking whether make supports nested variables
configure:2309: result: yes
configure:2472: checking for a Python interpreter with version >= 2.7
configure:2489: python -c import sys # split strings by '.' and convert to numeric. Append some zeros # because we need at least 4 digits for the hex conversion. # map returns an iterator in Python 3.0 and a list in 2.x minver = list(map(int, '2.7'.split('.'))) + [0, 0, 0] minverhex = 0 # xrange is not present in Python 3.0 and range returns an iterator for i in list(range(0, 4)): minverhex = (minverhex << 8) + minver[i] sys.exit(sys.hexversion < minverhex)
configure:2492: $? = 0
configure:2498: result: python
configure:2506: checking for python
configure:2524: found /cygdrive/c/Python27/python
configure:2536: result: /cygdrive/c/Python27/python
configure:2554: checking for python version
configure:2561: result: 2.7
configure:2573: checking for python platform
configure:2580: result: win32
configure:2606: checking for python script directory
configure:2641: result: ${prefix}\Lib\site-packages
configure:2650: checking for python extension module directory
configure:2685: result: ${exec_prefix}\Lib\site-packages
configure:2826: checking for src/phoenix/GameTime/Makefile.in
configure:2839: result: yes
configure:2846: checking for src/phoenix/Utilities/Makefile.in
configure:2859: result: yes
configure:2915: checking for gcc
configure:2931: found /usr/bin/gcc
configure:2942: result: gcc
configure:3171: checking for C compiler version
configure:3180: gcc --version >&5
gcc (GCC) 7.4.0
Copyright (C) 2017 Free Software Foundation, Inc.
This is free software; see the source for copying conditions.  There is NO
warranty; not even for MERCHANTABILITY or FITNESS FOR A PARTICULAR PURPOSE.

configure:3191: $? = 0
configure:3180: gcc -v >&5
Using built-in specs.
COLLECT_GCC=gcc
COLLECT_LTO_WRAPPER=/usr/lib/gcc/x86_64-pc-cygwin/7.4.0/lto-wrapper.exe
Target: x86_64-pc-cygwin
Configured with: /cygdrive/i/szsz/tmpp/gcc/gcc-7.4.0-1.x86_64/src/gcc-7.4.0/configure --srcdir=/cygdrive/i/szsz/tmpp/gcc/gcc-7.4.0-1.x86_64/src/gcc-7.4.0 --prefix=/usr --exec-prefix=/usr --localstatedir=/var --sysconfdir=/etc --docdir=/usr/share/doc/gcc --htmldir=/usr/share/doc/gcc/html -C --build=x86_64-pc-cygwin --host=x86_64-pc-cygwin --target=x86_64-pc-cygwin --without-libiconv-prefix --without-libintl-prefix --libexecdir=/usr/lib --enable-shared --enable-shared-libgcc --enable-static --enable-version-specific-runtime-libs --enable-bootstrap --enable-__cxa_atexit --with-dwarf2 --with-tune=generic --enable-languages=ada,c,c++,fortran,lto,objc,obj-c++ --enable-graphite --enable-threads=posix --enable-libatomic --enable-libcilkrts --enable-libgomp --enable-libitm --enable-libquadmath --enable-libquadmath-support --disable-libssp --enable-libada --disable-symvers --with-gnu-ld --with-gnu-as --with-cloog-include=/usr/include/cloog-isl --without-libiconv-prefix --without-libintl-prefix --with-system-zlib --enable-linker-build-id --with-default-libstdcxx-abi=gcc4-compatible --enable-libstdcxx-filesystem-ts
Thread model: posix
gcc version 7.4.0 (GCC) 
configure:3191: $? = 0
configure:3180: gcc -V >&5
gcc: error: unrecognized command line option '-V'
gcc: fatal error: no input files
compilation terminated.
configure:3191: $? = 1
configure:3180: gcc -qversion >&5
gcc: error: unrecognized command line option '-qversion'; did you mean '--version'?
gcc: fatal error: no input files
compilation terminated.
configure:3191: $? = 1
configure:3211: checking whether the C compiler works
configure:3233: gcc    conftest.c  >&5
configure:3237: $? = 0
configure:3285: result: yes
configure:3288: checking for C compiler default output file name
configure:3290: result: a.exe
configure:3296: checking for suffix of executables
configure:3303: gcc -o conftest.exe    conftest.c  >&5
configure:3307: $? = 0
configure:3329: result: .exe
configure:3351: checking whether we are cross compiling
configure:3359: gcc -o conftest.exe    conftest.c  >&5
configure:3363: $? = 0
configure:3370: ./conftest.exe
configure:3374: $? = 0
configure:3389: result: no
configure:3394: checking for suffix of object files
configure:3416: gcc -c   conftest.c >&5
configure:3420: $? = 0
configure:3441: result: o
configure:3445: checking whether we are using the GNU C compiler
configure:3464: gcc -c   conftest.c >&5
configure:3464: $? = 0
configure:3473: result: yes
configure:3482: checking whether gcc accepts -g
configure:3502: gcc -c -g  conftest.c >&5
configure:3502: $? = 0
configure:3543: result: yes
configure:3560: checking for gcc option to accept ISO C89
configure:3623: gcc  -c -g -O2  conftest.c >&5
configure:3623: $? = 0
configure:3636: result: none needed
configure:3661: checking whether gcc understands -c and -o together
configure:3683: gcc -c conftest.c -o conftest2.o
configure:3686: $? = 0
configure:3683: gcc -c conftest.c -o conftest2.o
configure:3686: $? = 0
configure:3698: result: yes
configure:3726: checking for style of include used by make
configure:3754: result: GNU
configure:3780: checking dependency style of gcc
configure:3891: result: none
configure:4052: checking that generated files are newer than configure
configure:4058: result: done
configure:4081: creating ./config.status

## ---------------- ##
## Cache variables. ##
## ---------------- ##

ac_cv_c_compiler_gnu=yes
ac_cv_env_CC_set=
ac_cv_env_CC_value=
ac_cv_env_CFLAGS_set=
ac_cv_env_CFLAGS_value=
ac_cv_env_CPPFLAGS_set=
ac_cv_env_CPPFLAGS_value=
ac_cv_env_LDFLAGS_set=
ac_cv_env_LDFLAGS_value=
ac_cv_env_LIBS_set=
ac_cv_env_LIBS_value=
ac_cv_env_PYTHON_set=
ac_cv_env_PYTHON_value=
ac_cv_env_build_alias_set=
ac_cv_env_build_alias_value=
ac_cv_env_host_alias_set=
ac_cv_env_host_alias_value=
ac_cv_env_target_alias_set=
ac_cv_env_target_alias_value=
ac_cv_exeext=.exe
ac_cv_file_src_phoenix_GameTime_Makefile_in=yes
ac_cv_file_src_phoenix_Utilities_Makefile_in=yes
ac_cv_objext=o
ac_cv_path_PYTHON=/cygdrive/c/Python27/python
ac_cv_path_install='/usr/bin/install -c'
ac_cv_path_mkdir=/usr/bin/mkdir
ac_cv_prog_AWK=gawk
ac_cv_prog_ac_ct_CC=gcc
ac_cv_prog_cc_c89=
ac_cv_prog_cc_g=yes
ac_cv_prog_make_make_set=yes
am_cv_CC_dependencies_compiler_type=none
am_cv_make_support_nested_variables=yes
am_cv_pathless_PYTHON=python
am_cv_prog_cc_c_o=yes
am_cv_python_platform=win32
am_cv_python_pyexecdir='${exec_prefix}\Lib\site-packages'
am_cv_python_pythondir='${prefix}\Lib\site-packages'
am_cv_python_version=2.7

## ----------------- ##
## Output variables. ##
## ----------------- ##

ACLOCAL='aclocal-1.15'
AMDEPBACKSLASH='\'
AMDEP_FALSE='#'
AMDEP_TRUE=''
AMTAR='$${TAR-tar}'
AM_BACKSLASH='\'
AM_DEFAULT_V='$(AM_DEFAULT_VERBOSITY)'
AM_DEFAULT_VERBOSITY='1'
AM_V='$(V)'
ARCHOS='x86_WIN32'
AUTOCONF='autoconf'
AUTOHEADER='autoheader'
AUTOMAKE='automake-1.15'
AWK='gawk'
BOOLECTOR_EXE=''
CC='gcc'
CCDEPMODE='depmode=none'
CFLAGS='-g -O2'
CILHOME_UNIX='/cygdrive/c/Python27/Lib/site-packages/gametime-1.5-py2.7.egg/gametime/cil'
CPPFLAGS=''
CYGPATH_W='cygpath -w'
CYGWINDIR='C:\cygwin64'
DEFS='-DPACKAGE_NAME=\"GameTime\" -DPACKAGE_TARNAME=\"gametime\" -DPACKAGE_VERSION=\"1.5\" -DPACKAGE_STRING=\"GameTime\ 1.5\" -DPACKAGE_BUGREPORT=\"sseshia@eecs.berkeley.edu\" -DPACKAGE_URL=\"http://uclid.eecs.berkeley.edu/gametime\" -DPACKAGE=\"gametime\" -DVERSION=\"1.5\"'
DEPDIR='.deps'
ECHO_C=''
ECHO_N='-n'
ECHO_T=''
EXEEXT='.exe'
GAMETIME_SRCDIR='C:\Python27\Lib\site-packages\gametime-1.5-py2.7.egg\gametime'
GAMETIME_SRCDIR_MIXED='C:/Python27/Lib/site-packages/gametime-1.5-py2.7.egg/gametime'
GAMETIME_SRCDIR_UNIX='/cygdrive/c/Python27/Lib/site-packages/gametime-1.5-py2.7.egg/gametime'
GNU_ARM=''
INSTALL_DATA='${INSTALL} -m 644'
INSTALL_PROGRAM='${INSTALL}'
INSTALL_SCRIPT='${INSTALL}'
INSTALL_STRIP_PROGRAM='$(install_sh) -c -s'
LDFLAGS=''
LIBOBJS=''
LIBS=''
LTLIBOBJS=''
MAKEINFO='makeinfo'
MKDIR_P='/usr/bin/mkdir -p'
OBJEXT='o'
PACKAGE='gametime'
PACKAGE_BUGREPORT='sseshia@eecs.berkeley.edu'
PACKAGE_NAME='GameTime'
PACKAGE_STRING='GameTime 1.5'
PACKAGE_TARNAME='gametime'
PACKAGE_URL='http://uclid.eecs.berkeley.edu/gametime'
PACKAGE_VERSION='1.5'
PATH_SEPARATOR=':'
PROGRAM_FILES='C:\Program Files (x86)'
PTARM=''
PYTHON='/cygdrive/c/Python27/python'
PYTHON_EXEC_PREFIX='${exec_prefix}'
PYTHON_PLATFORM='win32'
PYTHON_PREFIX='${prefix}'
PYTHON_VERSION='2.7'
PYTH_PREFIX_UNIX='/cygdrive/c/Python27'
PYTH_SCRIPTSDIR='C:\Python27\Scripts'
PYTH_SCRIPTSDIR_UNIX='/cygdrive/c/Python27/Scripts'
SET_MAKE=''
SHELL='/bin/sh'
SRCDIR_WIN='.'
STRIP=''
VERSION='1.5'
WINDIR_UNIX='/cygdrive/c/WINDOWS'
Z3_PYC=''
ac_ct_CC='gcc'
am__EXEEXT_FALSE='#'
am__EXEEXT_TRUE=''
am__fastdepCC_FALSE=''
am__fastdepCC_TRUE='#'
am__include='include'
am__isrc=''
am__leading_dot='.'
am__nodep='_no'
am__quote=''
am__tar='$${TAR-tar} chof - "$$tardir"'
am__untar='$${TAR-tar} xf -'
bindir='${exec_prefix}/bin'
build_alias=''
datadir='${datarootdir}'
datarootdir='${prefix}/share'
docdir='${datarootdir}/doc/${PACKAGE_TARNAME}'
dvidir='${docdir}'
exec_prefix='${prefix}'
host_alias=''
htmldir='${docdir}'
includedir='${prefix}/include'
infodir='${datarootdir}/info'
install_sh='${SHELL} /home/elect/gametime-1.5/install-sh'
libdir='${exec_prefix}/lib'
libexecdir='${exec_prefix}/libexec'
localedir='${datarootdir}/locale'
localstatedir='${prefix}/var'
mandir='${datarootdir}/man'
mkdir_p='$(MKDIR_P)'
oldincludedir='/usr/include'
pdfdir='${docdir}'
pkgpyexecdir='${pyexecdir}/gametime'
pkgpythondir='${pythondir}/gametime'
prefix='/usr/local'
program_transform_name='s,x,x,'
psdir='${docdir}'
pyexecdir='${exec_prefix}\Lib\site-packages'
pythondir='${prefix}\Lib\site-packages'
runstatedir='${localstatedir}/run'
sbindir='${exec_prefix}/sbin'
sharedstatedir='${prefix}/com'
sysconfdir='${prefix}/etc'
target_alias=''

## ----------- ##
## confdefs.h. ##
## ----------- ##

/* confdefs.h */
#define PACKAGE_NAME "GameTime"
#define PACKAGE_TARNAME "gametime"
#define PACKAGE_VERSION "1.5"
#define PACKAGE_STRING "GameTime 1.5"
#define PACKAGE_BUGREPORT "sseshia@eecs.berkeley.edu"
#define PACKAGE_URL "http://uclid.eecs.berkeley.edu/gametime"
#define PACKAGE "gametime"
#define VERSION "1.5"

configure: exit 0

## ---------------------- ##
## Running config.status. ##
## ---------------------- ##

This file was extended by GameTime config.status 1.5, which was
generated by GNU Autoconf 2.69.  Invocation command line was

  CONFIG_FILES    = 
  CONFIG_HEADERS  = 
  CONFIG_LINKS    = 
  CONFIG_COMMANDS = 
  $ ./config.status 

on Jerry

config.status:808: creating Makefile
config.status:808: creating setup.py
config.status:808: creating src/bin/analyze
config.status:808: creating src/bin/gui
config.status:808: creating src/bin/gametime-cli.bat
config.status:808: creating src/bin/gametime-gui.bat
config.status:808: creating src/cil/bin/cilly.bat
config.status:808: creating src/config.xml
config.status:808: creating src/phoenix/GameTime/Makefile
config.status:808: creating src/phoenix/Utilities/Makefile
config.status:980: executing depfiles commands
